#
# There is insufficient memory for the Java Runtime Environment to continue.
# Native memory allocation (mmap) failed to map 268435456 bytes for G1 virtual space
# Possible reasons:
#   The system is out of physical RAM or swap space
#   The process is running with CompressedOops enabled, and the Java Heap may be blocking the growth of the native heap
# Possible solutions:
#   Reduce memory load on the system
#   Increase physical memory or swap space
#   Check if swap backing store is full
#   Decrease Java heap size (-Xmx/-Xms)
#   Decrease number of Java threads
#   Decrease Java thread stack sizes (-Xss)
#   Set larger code cache with -XX:ReservedCodeCacheSize=
#   JVM is running with Zero Based Compressed Oops mode in which the Java heap is
#     placed in the first 32GB address space. The Java Heap base address is the
#     maximum limit for the native heap growth. Please use -XX:HeapBaseMinAddress
#     to set the Java Heap base and to place the Java Heap above 32GB virtual address.
# This output file may be truncated or incomplete.
#
#  Out of Memory Error (os_windows.cpp:3530), pid=19524, tid=9644
#
# JRE version:  (18.0.1.1+2) (build )
# Java VM: Java HotSpot(TM) 64-Bit Server VM (18.0.1.1+2-6, mixed mode, sharing, tiered, compressed oops, compressed class ptrs, g1 gc, windows-amd64)
# No core dump will be written. Minidumps are not enabled by default on client versions of Windows
#

---------------  S U M M A R Y ------------

Command Line: -Dfile.encoding=UTF-8 --module-path=C:\Users\houariac\Documents\NetBeansProjects\Lightsout\build\classes lightsout.Lightsout

Host: Intel(R) Xeon(R) CPU E3-1240 v3 @ 3.40GHz, 8 cores, 15G,  Windows 10 , 64 bit Build 19041 (10.0.19041.1889)
Time: Fri Nov 25 20:36:02 2022 Paris, Madrid elapsed time: 0.020472 seconds (0d 0h 0m 0s)

---------------  T H R E A D  ---------------

Current thread (0x00000275dba09720):  JavaThread "Unknown thread" [_thread_in_vm, id=9644, stack(0x000000eb4f400000,0x000000eb4f500000)]

Stack: [0x000000eb4f400000,0x000000eb4f500000]
Native frames: (J=compiled Java code, j=interpreted, Vv=VM code, C=native code)
V  [jvm.dll+0x69887a]
V  [jvm.dll+0x7f38bd]
V  [jvm.dll+0x7f51ce]
V  [jvm.dll+0x7f5883]
V  [jvm.dll+0x25ca3f]
V  [jvm.dll+0x6957c9]
V  [jvm.dll+0x68a2fa]
V  [jvm.dll+0x321efb]
V  [jvm.dll+0x3298d6]
V  [jvm.dll+0x37e47e]
V  [jvm.dll+0x37e6af]
V  [jvm.dll+0x2f9c7a]
V  [jvm.dll+0x2facdd]
V  [jvm.dll+0x7c24f0]
V  [jvm.dll+0x38b801]
V  [jvm.dll+0x7a1203]
V  [jvm.dll+0x40d6bf]
V  [jvm.dll+0x40f091]
C  [jli.dll+0x526b]
C  [ucrtbase.dll+0x21bb2]
C  [KERNEL32.DLL+0x17034]
C  [ntdll.dll+0x52651]


---------------  P R O C E S S  ---------------

Threads class SMR info:
_java_thread_list=0x00007ffe0e00d550, length=0, elements={
}

Java Threads: ( => current thread )

Other Threads:
  0x00000275dba5cd60 WorkerThread "GC Thread#0" [stack: 0x000000eb4f500000,0x000000eb4f600000] [id=20304]
  0x00000275dba5ec70 ConcurrentGCThread "G1 Main Marker" [stack: 0x000000eb4f600000,0x000000eb4f700000] [id=19984]
  0x00000275fbde1680 WorkerThread "G1 Conc#0" [stack: 0x000000eb4f700000,0x000000eb4f800000] [id=12932]

[error occurred during error reporting (printing all threads), id 0xc0000005, EXCEPTION_ACCESS_VIOLATION (0xc0000005) at pc=0x00007ffe0d83a217]

VM state: not at safepoint (not fully initialized)

VM Mutex/Monitor currently owned by a thread:  ([mutex/lock_event])
[0x00000275dba06650] Heap_lock - owner thread: 0x00000275dba09720

Heap address: 0x0000000700e00000, size: 4082 MB, Compressed Oops mode: Zero based, Oop shift amount: 3

CDS archive(s) mapped at: [0x0000000000000000-0x0000000000000000-0x0000000000000000), size 0, SharedBaseAddress: 0x0000000800000000, ArchiveRelocationMode: 0.
Narrow klass base: 0x0000000000000000, Narrow klass shift: 0, Narrow klass range: 0x0

GC Precious Log:
 CardTable entry size: 512
 Card Set container configuration: InlinePtr #cards 4 size 8 Array Of Cards #cards 16 size 48 Howl #buckets 8 coarsen threshold 3686 Howl Bitmap #cards 512 size 80 coarsen threshold 460 Card regions per heap region 1 cards per card region 4096

Heap:
 garbage-first heap   total 0K, used 0K [0x0000000700e00000, 0x0000000800000000)
  region size 2048K, 0 young (0K), 0 survivors (0K)

[error occurred during error reporting (printing heap information), id 0xc0000005, EXCEPTION_ACCESS_VIOLATION (0xc0000005) at pc=0x00007ffe0dc20cb9]

GC Heap History (0 events):
No events

Deoptimization events (0 events):
No events

Classes loaded (0 events):
No events

Classes unloaded (0 events):
No events

Classes redefined (0 events):
No events

Internal exceptions (0 events):
No events

VM Operations (0 events):
No events

Events (1 events):
Event: 0.013 Loaded shared library C:\Program Files\Java\jdk-18.0.1.1\bin\java.dll


Dynamic libraries:
0x00007ff7cd6f0000 - 0x00007ff7cd700000 	C:\Program Files\Java\jdk-18.0.1.1\bin\java.exe
0x00007ffe513b0000 - 0x00007ffe515a8000 	C:\Windows\SYSTEM32\ntdll.dll
0x00007ffe50880000 - 0x00007ffe5093d000 	C:\Windows\System32\KERNEL32.DLL
0x00007ffe4ec90000 - 0x00007ffe4ef5e000 	C:\Windows\System32\KERNELBASE.dll
0x00007ffe4eb60000 - 0x00007ffe4ec60000 	C:\Windows\System32\ucrtbase.dll
0x00007ffe0bff0000 - 0x00007ffe0c008000 	C:\Program Files\Java\jdk-18.0.1.1\bin\jli.dll
0x00007ffe0e230000 - 0x00007ffe0e24a000 	C:\Program Files\Java\jdk-18.0.1.1\bin\VCRUNTIME140.dll
0x00007ffe511a0000 - 0x00007ffe5124e000 	C:\Windows\System32\ADVAPI32.dll
0x00007ffe50fc0000 - 0x00007ffe5105e000 	C:\Windows\System32\msvcrt.dll
0x00007ffe4f410000 - 0x00007ffe4f4ac000 	C:\Windows\System32\sechost.dll
0x00007ffe51060000 - 0x00007ffe51185000 	C:\Windows\System32\RPCRT4.dll
0x00007ffe4f800000 - 0x00007ffe4f9a0000 	C:\Windows\System32\USER32.dll
0x00007ffe4ec60000 - 0x00007ffe4ec82000 	C:\Windows\System32\win32u.dll
0x00007ffe512b0000 - 0x00007ffe512da000 	C:\Windows\System32\GDI32.dll
0x00007ffe4f220000 - 0x00007ffe4f32b000 	C:\Windows\System32\gdi32full.dll
0x00007ffe4ef60000 - 0x00007ffe4effd000 	C:\Windows\System32\msvcp_win.dll
0x00007ffe43f90000 - 0x00007ffe4422a000 	C:\Windows\WinSxS\amd64_microsoft.windows.common-controls_6595b64144ccf1df_6.0.19041.1110_none_60b5254171f9507e\COMCTL32.dll
0x00007ffe46760000 - 0x00007ffe4676a000 	C:\Windows\SYSTEM32\VERSION.dll
0x00007ffe4fb10000 - 0x00007ffe4fb40000 	C:\Windows\System32\IMM32.DLL
0x00007ffe44b20000 - 0x00007ffe44c8b000 	C:\Windows\system32\tmumh\20019\AddOn\8.55.0.1119\TmUmEvt64.dll
0x00007ffe500a0000 - 0x00007ffe500a8000 	C:\Windows\System32\PSAPI.DLL
0x000000005a6b0000 - 0x000000005a823000 	C:\Windows\system32\tmumh\20019\TmMon\2.9.0.1042\tmmon64.dll
0x00007ffe48500000 - 0x00007ffe4850c000 	C:\Program Files\Java\jdk-18.0.1.1\bin\vcruntime140_1.dll
0x00007ffe0d1f0000 - 0x00007ffe0d27d000 	C:\Program Files\Java\jdk-18.0.1.1\bin\msvcp140.dll
0x00007ffe0d530000 - 0x00007ffe0e140000 	C:\Program Files\Java\jdk-18.0.1.1\bin\server\jvm.dll
0x00007ffe44b10000 - 0x00007ffe44b19000 	C:\Windows\SYSTEM32\WSOCK32.dll
0x00007ffe4fea0000 - 0x00007ffe4ff0b000 	C:\Windows\System32\WS2_32.dll
0x00007ffe465c0000 - 0x00007ffe465e7000 	C:\Windows\SYSTEM32\WINMM.dll
0x00007ffe4c8e0000 - 0x00007ffe4c8f2000 	C:\Windows\SYSTEM32\kernel.appcore.dll
0x00007ffe47a90000 - 0x00007ffe47a9a000 	C:\Program Files\Java\jdk-18.0.1.1\bin\jimage.dll
0x00007ffe42b60000 - 0x00007ffe42d44000 	C:\Windows\SYSTEM32\DBGHELP.DLL
0x00007ffe419d0000 - 0x00007ffe419fc000 	C:\Windows\SYSTEM32\dbgcore.DLL
0x00007ffe4ead0000 - 0x00007ffe4eb52000 	C:\Windows\System32\bcryptPrimitives.dll
0x00007ffe0e1c0000 - 0x00007ffe0e1e5000 	C:\Program Files\Java\jdk-18.0.1.1\bin\java.dll

dbghelp: loaded successfully - version: 4.0.5 - missing functions: none
symbol engine: initialized successfully - sym options: 0x614 - pdb path: .;C:\Program Files\Java\jdk-18.0.1.1\bin;C:\Windows\SYSTEM32;C:\Windows\WinSxS\amd64_microsoft.windows.common-controls_6595b64144ccf1df_6.0.19041.1110_none_60b5254171f9507e;C:\Windows\system32\tmumh\20019\AddOn\8.55.0.1119;C:\Windows\system32\tmumh\20019\TmMon\2.9.0.1042;C:\Program Files\Java\jdk-18.0.1.1\bin\server

VM Arguments:
jvm_args: -Dfile.encoding=UTF-8 --module-path=C:\Users\houariac\Documents\NetBeansProjects\Lightsout\build\classes 
java_command: lightsout.Lightsout
java_class_path (initial): C:\Users\houariac\Documents\NetBeansProjects\Lightsout\build\classes
Launcher Type: SUN_STANDARD

[Global flags]
     intx CICompilerCount                          = 4                                         {product} {ergonomic}
     uint ConcGCThreads                            = 2                                         {product} {ergonomic}
     uint G1ConcRefinementThreads                  = 8                                         {product} {ergonomic}
   size_t G1HeapRegionSize                         = 2097152                                   {product} {ergonomic}
    uintx GCDrainStackTargetSize                   = 64                                        {product} {ergonomic}
   size_t InitialHeapSize                          = 268435456                                 {product} {ergonomic}
   size_t MarkStackSize                            = 4194304                                   {product} {ergonomic}
   size_t MaxHeapSize                              = 4280287232                                {product} {ergonomic}
   size_t MinHeapDeltaBytes                        = 2097152                                   {product} {ergonomic}
   size_t MinHeapSize                              = 8388608                                   {product} {ergonomic}
    uintx NonNMethodCodeHeapSize                   = 5839372                                {pd product} {ergonomic}
    uintx NonProfiledCodeHeapSize                  = 122909434                              {pd product} {ergonomic}
    uintx ProfiledCodeHeapSize                     = 122909434                              {pd product} {ergonomic}
    uintx ReservedCodeCacheSize                    = 251658240                              {pd product} {ergonomic}
     bool SegmentedCodeCache                       = true                                      {product} {ergonomic}
   size_t SoftMaxHeapSize                          = 4280287232                             {manageable} {ergonomic}
     bool UseCompressedClassPointers               = true                           {product lp64_product} {ergonomic}
     bool UseCompressedOops                        = true                           {product lp64_product} {ergonomic}
     bool UseG1GC                                  = true                                      {product} {ergonomic}
     bool UseLargePagesIndividualAllocation        = false                                  {pd product} {ergonomic}

Logging:
Log output configuration:
 #0: stdout all=warning uptime,level,tags foldmultilines=false
 #1: stderr all=off uptime,level,tags foldmultilines=false

Environment Variables:
PATH=C:\Program Files\National Instruments\Shared\OpenVINO\;C:\Program Files (x86)\NVIDIA Corporation\PhysX\Common;C:\gurobi951\win64\bin;C:\Program Files\Python310\Scripts\;C:\Program Files\Python310\;C:\Program Files\Common Files\Oracle\Java\javapath;C:\Program Files\Microsoft MPI\Bin\;C:\Windows\system32;C:\Windows;C:\Windows\System32\Wbem;C:\Windows\System32\WindowsPowerShell\v1.0\;C:\Windows\System32\OpenSSH\;C:\Program Files (x86)\Microchip\MPLAB C32 Suite\bin;C:\Program Files (x86)\FreeFem++;C:\Program Files\Wolfram Research\WolframScript\;C:\Program Files\MATLAB\R2019b\bin;C:\Program Files\Common Files\Quanser\hardware\;C:\Program Files\Quanser\QUARC\;C:\TDM-GCC-64\bin;C:\Program Files\TortoiseGit\bin;C:\Program Files\MATLAB\MATLAB Runtime\v97\runtime\win64;C:\Program Files (x86)\Windows Kits\8.1\Windows Performance Toolkit\;C:\Program Files (x86)\IVI Foundation\VISA\WinNT\Bin\;C:\Program Files\IVI Foundation\VISA\Win64\Bin\;C:\Program Files (x86)\National Instruments\Shared\LabVIEW CLI;C:\Program Files (x86)\IVI Foundation\IVI\bin;C:\Program Files\IVI Foundation\IVI\bin;C:\Program Files (x86)\IVI Foundation\VISA\WinNT\Bin;C:\Program Files\Git\cmd;C:\Users\houariac\AppData\Local\Microsoft\WindowsApps;
USERNAME=houariac
OS=Windows_NT
PROCESSOR_IDENTIFIER=Intel64 Family 6 Model 60 Stepping 3, GenuineIntel



---------------  S Y S T E M  ---------------

OS:
 Windows 10 , 64 bit Build 19041 (10.0.19041.1889)
OS uptime: 0 days 3:15 hours

CPU: total 8 (initial active 8) (4 cores per cpu, 2 threads per core) family 6 model 60 stepping 3 microcode 0x27, cx8, cmov, fxsr, ht, mmx, sse, sse2, sse3, ssse3, sse4.1, sse4.2, popcnt, lzcnt, tsc, tscinvbit, avx, avx2, aes, erms, clmul, bmi1, bmi2, fma, vzeroupper, clflush

Memory: 4k page, system-wide physical 16326M (8756M free)
TotalPageFile size 24511M (AvailPageFile size 75M)
current process WorkingSet (physical memory assigned to process): 13M, peak: 13M
current process commit charge ("private bytes"): 63M, peak: 319M

vm_info: Java HotSpot(TM) 64-Bit Server VM (18.0.1.1+2-6) for windows-amd64 JRE (18.0.1.1+2-6), built on Apr 25 2022 21:53:15 by "mach5one" with MS VC++ 16.8 / 16.9 (VS2019)

END.
